<?xml version="1.0" encoding="UTF-8"?>
<!-- Generated by org.testng.reporters.JUnitXMLReporter -->
<testsuite ignored="3" hostname="DESKTOP-I9IFEEO" failures="0" tests="1" name="Test-1" time="10.122" errors="0" timestamp="2025-04-29T17:32:04 IST">
  <testcase classname="jaxportal.tests.adminTest" name="FlowFour" time="5.968"/>
  <testcase classname="jaxportal.tests.adminTest" name="Flowone" time="0.0">
    <ignored/>
  </testcase> <!-- Flowone -->
  <testcase classname="jaxportal.tests.adminTest" name="FlowTwo" time="0.0">
    <ignored/>
  </testcase> <!-- FlowTwo -->
  <testcase classname="jaxportal.tests.adminTest" name="FlowThree" time="0.0">
    <ignored/>
  </testcase> <!-- FlowThree -->
</testsuite> <!-- Test-1 -->
