<?xml version="1.0" encoding="UTF-8"?>
<!-- Generated by org.testng.reporters.JUnitReportReporter -->
<testsuite hostname="DESKTOP-I9IFEEO" failures="0" tests="1" name="jaxportal.tests.adminTest" time="10.081" errors="0" timestamp="2025-04-29T17:32:04 IST" skipped="0">
  <testcase classname="jaxportal.tests.adminTest" name="FlowFour" time="10.081"/>
</testsuite> <!-- jaxportal.tests.adminTest -->
